xrun(64): 19.03-s013: (c) Copyright 1995-2019 Cadence Design Systems, Inc.
TOOL:	xrun(64)	19.03-s013: Started on Mar 24, 2021 at 14:52:12 CET
xrun
	./amsSim.scs
	-spectre_args "+ms ++aps=liberal"
	-f verilogFiles.f
		./SwiptOut.v
		./Heartbeat.v
		./Testbench.v
		./ADC_Comp.v
	-access +rwc
	-64bit
	-gui
xrun: *W,FILOD: The file /users/students/r0763954/Documents/EAGLE2/Simvision/EAGLE2_verilog_T4/PLL_verilog/amsSim.scs is out of date, the exec amsspice will be re-invoked.
file: ./ADC_Comp.v
	module worklib.ADC_Comp:v
		errors: 0, warnings: 0
xrun: *N,SPCNTC: The program encountered one or more notices while processing the input SPICE file(s) in the AMSD flow. For details, see the following messages.
amsspice: *Notice (amsSim.scs,29): For the 'portmap' statement, assuming
	  'autobus=yes' as the default type in the AMSD control block flow.
amsspice: *Notice: Using external port-bind file: 'analog_network.pb'
		Caching library 'worklib' ....... Done
	Elaborating the design hierarchy:
		Caching library 'worklib' ....... Done
			.swiptAlive (swiptAlive),
			          |
xmelab: *E,CUVPOM (./Testbench.v,87|13): Port name 'swiptAlive' is invalid or has multiple connections.
xrun: *E,ELBERR: Error during elaboration (status 1), exiting.
TOOL:	xrun(64)	19.03-s013: Exiting on Mar 24, 2021 at 14:52:36 CET  (total: 00:00:24)
